C51 COMPILER V9.56.0.0   DELAY                                                             07/09/2021 14:29:48 PAGE 1   


C51 COMPILER V9.56.0.0, COMPILATION OF MODULE DELAY
OBJECT MODULE PLACED IN Delay.OBJ
COMPILER INVOKED BY: D:\Keil_v5\C51\BIN\C51.EXE Delay.c OPTIMIZE(9,SIZE) BROWSE INCDIR(.\Drivers) DEBUG OBJECTEXTEND TAB
                    -S(2)

line level    source

   1          
   2          
   3          #include "Delay.h"
   4          
   5          
   6          
   7          #if 0
              void Delay1us()   //@ 14.745MHz
              {
                unsigned char i;
              
                _nop_();
                i = 1;
                while (--i);
              }
              
              #endif
  18          
  19          #if 0
              void Delay5us()   //@ 14.745MHz
              {
                unsigned char i;
              
                i = 16;
                while (--i);
              }
              #endif
  28          
  29          #if 1
  30          void Delay30us()    //@ 14.745MHz
  31          {
  32   1        unsigned char i;
  33   1      
  34   1        i = 108;
  35   1        while (--i);
  36   1      }
  37          #endif
  38          
  39          #if 0
              void Delay45us()    //@ 14.745MHz
              {
                unsigned char i, j;
              
                i = 1;
                j = 162;
                do
                {
                  while (--j);
                } while (--i);
              }
              
              #endif
  53          
  54          #if 0
C51 COMPILER V9.56.0.0   DELAY                                                             07/09/2021 14:29:48 PAGE 2   

              
              void Delay50us()    //@ 14.745MHz
              {
                unsigned char i, j;
              
                _nop_();
                i = 1;
                j = 180;
                do
                {
                  while (--j);
                } while (--i);
              }
              #endif
  69          
  70          
  71          
  72          void Delay700us()   //@ 14.745MHz
  73          {
  74   1        unsigned char i, j;
  75   1      
  76   1        _nop_();
  77   1        _nop_();
  78   1        i = 11;
  79   1        j = 6;
  80   1        do
  81   1        {
  82   2          while (--j);
  83   2        } while (--i);
  84   1      }
  85          
  86          
  87          #if 0
              void Delay5ms()   //@ 14.745MHz
              {
                unsigned char i, j;
              
                _nop_();
                i = 72;
                j = 180;
                do
                {
                  while (--j);
                } while (--i);
              }
              
              #endif
 102          
 103          void Delay10ms()    //@ 14.745MHz
 104          {
 105   1        unsigned char i, j, k;
 106   1      
 107   1        i = 1;
 108   1        j = 144;
 109   1        k = 106;
 110   1        do
 111   1        {
 112   2          do
 113   2          {
 114   3            while (--k);
 115   3          } while (--j);
 116   2        } while (--i);
C51 COMPILER V9.56.0.0   DELAY                                                             07/09/2021 14:29:48 PAGE 3   

 117   1      }
 118          
 119          


MODULE INFORMATION:   STATIC OVERLAYABLE
   CODE SIZE        =     29    ----
   CONSTANT SIZE    =   ----    ----
   XDATA SIZE       =   ----    ----
   PDATA SIZE       =   ----    ----
   DATA SIZE        =   ----    ----
   IDATA SIZE       =   ----    ----
   BIT SIZE         =   ----    ----
END OF MODULE INFORMATION.


C51 COMPILATION COMPLETE.  0 WARNING(S),  0 ERROR(S)
