C51 COMPILER V9.56.0.0   LED                                                               07/09/2021 14:29:48 PAGE 1   


C51 COMPILER V9.56.0.0, COMPILATION OF MODULE LED
OBJECT MODULE PLACED IN LED.OBJ
COMPILER INVOKED BY: D:\Keil_v5\C51\BIN\C51.EXE LED.c OPTIMIZE(9,SIZE) BROWSE INCDIR(.\Drivers) DEBUG OBJECTEXTEND TABS(
                    -2)

line level    source

   1          
   2          #include "LED.H"
   3          
   4          
   5              unsigned char code Number[]=
   6              {
   7                 (sega|segb|segc|segd|sege|segf),                                  // 0
   8                 (segb|segc),                                                      // 1
   9                 (sega|segb|segd|sege|segg),                                       // 2
  10                 (sega|segb|segc|segd|segg),                                       // 3
  11                 (segb|segc|segf|segg),                                            // 4
  12                 (sega|segc|segd|segf|segg),                                       // 5
  13                 (sega|segc|segd|sege|segf|segg),                                  // 6
  14                 (sega|segb|segc),                                                 // 7
  15                 (sega|segb|segc|segd|sege|segf|segg),                             // 8
  16                 (sega|segb|segc|segd|segf|segg),                                  // 9
  17                 (sega|segd|sege|segf|segg),                                       // E
  18                 (segg),                                                           // -
  19                 (sega|segf|sege|segd),                      // C
  20                 (segb|segc|sege|segf|segg),                     // H
  21                 (sega|segb|segc|sege|segf|segg),                  //A
  22                 (segb|segc|segd|sege|segg),                                       //d
  23                
  24              };
  25          
  26          
  27          
  28          volatile unsigned char idata LEDShow[16]= {segg,segg,segg,segg,segg,segg,
  29                           segg,segg,segg,segg,segg,segg,
  30                           segg,segg,segg,0};
  31                         


MODULE INFORMATION:   STATIC OVERLAYABLE
   CODE SIZE        =   ----    ----
   CONSTANT SIZE    =     16    ----
   XDATA SIZE       =   ----    ----
   PDATA SIZE       =   ----    ----
   DATA SIZE        =   ----    ----
   IDATA SIZE       =     16    ----
   BIT SIZE         =   ----    ----
END OF MODULE INFORMATION.


C51 COMPILATION COMPLETE.  0 WARNING(S),  0 ERROR(S)
